Build started 9/17/2014 5:17:21 PM.
     1>Project "C:\Users\Russell\Documents\Visual Studio 2013\Projects\CS-1410\Lab 04\Lab04\Lab04\Lab04.vcxproj" on node 2 (Build target(s)).
     1>ClCompile:
         C:\Program Files (x86)\Microsoft Visual Studio 12.0\VC\bin\CL.exe /c /ZI /nologo /W3 /WX- /sdl /Od /Oy- /D _MBCS /Gm /EHsc /RTC1 /MDd /GS /fp:precise /Zc:wchar_t /Zc:forScope /Fo"Debug\\" /Fd"Debug\vc120.pdb" /Gd /TP /analyze- /errorReport:prompt Source.cpp
         Source.cpp
     1>c:\users\russell\documents\visual studio 2013\projects\cs-1410\lab 04\lab04\lab04\source.cpp(36): error C3867: 'std::basic_istream<char,std::char_traits<char>>::getline': function call missing argument list; use '&std::basic_istream<char,std::char_traits<char>>::getline' to create a pointer to member
     1>c:\users\russell\documents\visual studio 2013\projects\cs-1410\lab 04\lab04\lab04\source.cpp(36): error C2297: '>>' : illegal, right operand has type 'double'
     1>c:\users\russell\documents\visual studio 2013\projects\cs-1410\lab 04\lab04\lab04\source.cpp(36): warning C4552: '>>' : operator has no effect; expected operator with side-effect
     1>Done Building Project "C:\Users\Russell\Documents\Visual Studio 2013\Projects\CS-1410\Lab 04\Lab04\Lab04\Lab04.vcxproj" (Build target(s)) -- FAILED.

Build FAILED.

Time Elapsed 00:00:00.35
